#
# A fatal error has been detected by the Java Runtime Environment:
#
#  EXCEPTION_ACCESS_VIOLATION (0xc0000005) at pc=0x0000000006bd31ec, pid=11800, tid=0x0000000000006510
#
# JRE version: OpenJDK Runtime Environment (8.0_112-b06) (build 1.8.0_112-release-b06)
# Java VM: OpenJDK 64-Bit Server VM (25.112-b06 mixed mode windows-amd64 compressed oops)
# Problematic frame:
# J 22448 C1 com.android.build.gradle.internal.pipeline.TransformTask.getOtherFileInputs()Ljava/util/Collection; (49 bytes) @ 0x0000000006bd31ec [0x0000000006bd2ce0+0x50c]
#
# Failed to write core dump. Minidumps are not enabled by default on client versions of Windows
#
# If you would like to submit a bug report, please visit:
#   http://bugreport.java.com/bugreport/crash.jsp
#

---------------  T H R E A D  ---------------

Current thread (0x000000001bb0c000):  JavaThread "Daemon worker Thread 19" [_thread_in_Java, id=25872, stack(0x00000000426a0000,0x00000000427a0000)]

siginfo: ExceptionCode=0xc0000005, reading address 0xffffffffffffffff

Registers:
RAX=0x00000000e0f82850, RBX=0x00000000212aad38, RCX=0x0000000000000000, RDX=0x000000010055d478
RSP=0x000000004279c350, RBP=0x000000004279c610, RSI=0x00000000001bd090, RDI=0xb949010000011887
R8 =0x00000000e0f82818, R9 =0x00000000e0f82850, R10=0x00000000a1e9cbf0, R11=0x0000000011c70000
R12=0x0000000000000000, R13=0x000000004279c530, R14=0x000000004279c6b8, R15=0x000000001bb0c000
RIP=0x0000000006bd31ec, EFLAGS=0x0000000000010206

Top of Stack: (sp=0x000000004279c350)
0x000000004279c350:   0000000000000001 000000004279c380
0x000000004279c360:   0000000023659088 00000000e3c43320
0x000000004279c370:   0000000000000000 0000000004cede20
0x000000004279c380:   000000004279c4b0 0000000000000206
0x000000004279c390:   000000004279c610 000000000458a4ac
0x000000004279c3a0:   000000001bb0c000 0000000000000001
0x000000004279c3b0:   0000000000000001 0000000068675a62
0x000000004279c3c0:   00000000e0f7e128 0000000004804a28
0x000000004279c3d0:   0000000000000001 0000000000000001
0x000000004279c3e0:   000000004279c458 0000000002db7ef4
0x000000004279c3f0:   00000000e0f7e158 0000000000000001
0x000000004279c400:   000000004279c4b0 0000000004a18b74
0x000000004279c410:   000000004279c738 00000000e3c42438
0x000000004279c420:   00000000e0f82850 00000000e0f824c8
0x000000004279c430:   00000000a0d42980 00000000e0f7bac8
0x000000004279c440:   000000004279c610 0000000006a2be14 

Instructions: (pc=0x0000000006bd31ec)
0x0000000006bd31cc:   00 00 00 44 89 50 34 4c 8b c8 49 c1 e9 09 41 c6
0x0000000006bd31dc:   04 39 00 4c 8b c8 48 bf 87 18 01 00 00 01 49 b9
0x0000000006bd31ec:   48 83 87 08 01 00 00 01 49 b9 48 ed 2a a1 00 00
0x0000000006bd31fc:   00 00 bf 0a 00 00 00 48 8b d0 90 e8 94 73 3b fc 


Register to memory mapping:

RAX=0x00000000e0f82850 is an oop
java.util.stream.ReferencePipeline$3 
 - klass: 'java/util/stream/ReferencePipeline$3'
RBX={method} {0x00000000212aad40} 'characteristics' '()I' in 'java/util/Spliterators$IteratorSpliterator'
RCX=0x0000000000000000 is an unknown value
RDX=0x000000010055d478 is pointing into metadata
RSP=0x000000004279c350 is pointing into the stack for thread: 0x000000001bb0c000
RBP=0x000000004279c610 is pointing into the stack for thread: 0x000000001bb0c000
RSI=0x00000000001bd090 is an unknown value
RDI=0xb949010000011887 is an unknown value
R8 =0x00000000e0f82818 is an oop
java.util.stream.ReferencePipeline$Head 
 - klass: 'java/util/stream/ReferencePipeline$Head'
R9 =0x00000000e0f82850 is an oop
java.util.stream.ReferencePipeline$3 
 - klass: 'java/util/stream/ReferencePipeline$3'
R10=0x00000000a1e9cbf0 is an oop
com.android.build.gradle.internal.pipeline.TransformTask$$Lambda$299/12222168 
 - klass: 'com/android/build/gradle/internal/pipeline/TransformTask$$Lambda$299'
R11=0x0000000011c70000 is an unknown value
R12=0x0000000000000000 is an unknown value
R13=0x000000004279c530 is pointing into the stack for thread: 0x000000001bb0c000
R14=0x000000004279c6b8 is pointing into the stack for thread: 0x000000001bb0c000
R15=0x000000001bb0c000 is a thread


Stack: [0x00000000426a0000,0x00000000427a0000],  sp=0x000000004279c350,  free space=1008k
Native frames: (J=compiled Java code, j=interpreted, Vv=VM code, C=native code)
C  0x0000000006bd31ec


---------------  P R O C E S S  ---------------

Java Threads: ( => current thread )
  0x000000001bb15000 JavaThread "Stdin handler" [_thread_blocked, id=24764, stack(0x00000000428a0000,0x00000000429a0000)]
  0x000000001bb13800 JavaThread "Asynchronous log dispatcher for DefaultDaemonConnection: socket connection from /127.0.0.1:22015 to /127.0.0.1:11852" [_thread_blocked, id=26228, stack(0x00000000427a0000,0x00000000428a0000)]
=>0x000000001bb0c000 JavaThread "Daemon worker Thread 19" [_thread_in_Java, id=25872, stack(0x00000000426a0000,0x00000000427a0000)]
  0x000000001bb0b000 JavaThread "Cancel handler" [_thread_blocked, id=9940, stack(0x00000000425a0000,0x00000000426a0000)]
  0x000000001bb0f800 JavaThread "Handler for socket connection from /127.0.0.1:22015 to /127.0.0.1:11852" [_thread_in_native, id=25484, stack(0x00000000424a0000,0x00000000425a0000)]
  0x000000001bb0f000 JavaThread "Daemon Thread 19" [_thread_blocked, id=18116, stack(0x00000000423a0000,0x00000000424a0000)]
  0x000000001e0be800 JavaThread "pool-12-thread-4" [_thread_blocked, id=7644, stack(0x000000002f4a0000,0x000000002f5a0000)]
  0x000000001e0c8800 JavaThread "pool-12-thread-3" [_thread_blocked, id=9608, stack(0x000000002c1a0000,0x000000002c2a0000)]
  0x000000001e0c9800 JavaThread "pool-12-thread-2" [_thread_blocked, id=8992, stack(0x000000002a5a0000,0x000000002a6a0000)]
  0x000000001e0ca000 JavaThread "pool-12-thread-1" [_thread_blocked, id=11064, stack(0x000000002a4a0000,0x000000002a5a0000)]
  0x0000000018cdd000 JavaThread "File lock request listener" [_thread_in_native, id=1504, stack(0x000000001d620000,0x000000001d720000)]
  0x000000001a967000 JavaThread "pool-1-thread-1" [_thread_blocked, id=2988, stack(0x000000001ce20000,0x000000001cf20000)]
  0x000000001ab59800 JavaThread "Incoming local TCP Connector on port 22015" [_thread_in_native, id=6804, stack(0x000000001c520000,0x000000001c620000)]
  0x0000000018b24000 JavaThread "Service Thread" daemon [_thread_blocked, id=8492, stack(0x0000000019640000,0x0000000019740000)]
  0x0000000018ae3800 JavaThread "C1 CompilerThread3" daemon [_thread_blocked, id=2164, stack(0x0000000019540000,0x0000000019640000)]
  0x0000000018a91000 JavaThread "C2 CompilerThread2" daemon [_thread_blocked, id=12868, stack(0x0000000019440000,0x0000000019540000)]
  0x0000000018a73000 JavaThread "C2 CompilerThread1" daemon [_thread_blocked, id=6320, stack(0x0000000019340000,0x0000000019440000)]
  0x0000000018a84800 JavaThread "C2 CompilerThread0" daemon [_thread_in_native, id=12464, stack(0x0000000019240000,0x0000000019340000)]
  0x0000000018a83800 JavaThread "Attach Listener" daemon [_thread_blocked, id=1500, stack(0x0000000019140000,0x0000000019240000)]
  0x0000000018a82800 JavaThread "Signal Dispatcher" daemon [_thread_blocked, id=2536, stack(0x0000000019040000,0x0000000019140000)]
  0x0000000002dad800 JavaThread "Finalizer" daemon [_thread_blocked, id=11296, stack(0x0000000018e50000,0x0000000018f50000)]
  0x0000000002da5000 JavaThread "Reference Handler" daemon [_thread_blocked, id=8908, stack(0x0000000018950000,0x0000000018a50000)]
  0x0000000002cb1000 JavaThread "main" [_thread_blocked, id=9212, stack(0x0000000002bb0000,0x0000000002cb0000)]

Other Threads:
  0x0000000016b66800 VMThread [stack: 0x0000000018850000,0x0000000018950000] [id=9688]
  0x0000000018b25000 WatcherThread [stack: 0x0000000019740000,0x0000000019840000] [id=10532]

VM state:not at safepoint (normal execution)

VM Mutex/Monitor currently owned by a thread: None

Heap:
 PSYoungGen      total 58368K, used 18963K [0x00000000e0000000, 0x00000000e4880000, 0x0000000100000000)
  eden space 44544K, 35% used [0x00000000e0000000,0x00000000e0f94d10,0x00000000e2b80000)
  from space 13824K, 21% used [0x00000000e3b00000,0x00000000e3df0000,0x00000000e4880000)
  to   space 14848K, 0% used [0x00000000e2b80000,0x00000000e2b80000,0x00000000e3a00000)
 ParOldGen       total 111104K, used 42963K [0x00000000a0000000, 0x00000000a6c80000, 0x00000000e0000000)
  object space 111104K, 38% used [0x00000000a0000000,0x00000000a29f4c48,0x00000000a6c80000)
 Metaspace       used 80833K, capacity 85718K, committed 89600K, reserved 1128448K
  class space    used 10088K, capacity 10737K, committed 11520K, reserved 1048576K

Card table byte_map: [0x0000000012170000,0x0000000012480000] byte_map_base: 0x0000000011c70000

Marking Bits: (ParMarkBitMap*) 0x0000000068d518f0
 Begin Bits: [0x0000000012e80000, 0x0000000014680000)
 End Bits:   [0x0000000014680000, 0x0000000015e80000)

Polling page: 0x00000000011d0000

CodeCache: size=245760Kb used=65027Kb max_used=65035Kb free=180732Kb
 bounds [0x0000000002db0000, 0x0000000006da0000, 0x0000000011db0000]
 total_blobs=18558 nmethods=17727 adapters=742
 compilation: enabled

Compilation events (10 events):
Event: 18692.592 Thread 0x0000000018ae3800 22872       3       groovy.lang.MetaClassImpl$15::<init> (10 bytes)
Event: 18692.592 Thread 0x0000000018ae3800 nmethod 22872 0x0000000006d85e90 code [0x0000000006d85fe0, 0x0000000006d861b0]
Event: 18692.604 Thread 0x0000000018ae3800 22873       3       org.gradle.model.internal.type.ParameterizedTypeWrapper::getRawClass (8 bytes)
Event: 18692.604 Thread 0x0000000018ae3800 nmethod 22873 0x00000000043fe190 code [0x00000000043fe300, 0x00000000043fe650]
Event: 18692.612 Thread 0x0000000018a91000 22874   !   4       org.gradle.api.internal.tasks.CachingTaskDependencyResolveContext::resolve (62 bytes)
Event: 18692.619 Thread 0x0000000018a91000 nmethod 22874 0x0000000006d89450 code [0x0000000006d895e0, 0x0000000006d89918]
Event: 18692.619 Thread 0x0000000018ae3800 22875       3       org.gradle.api.internal.file.collections.DefaultConfigurableFileTree::visitDependencies (11 bytes)
Event: 18692.619 Thread 0x0000000018ae3800 nmethod 22875 0x0000000006d97dd0 code [0x0000000006d97f40, 0x0000000006d981e8]
Event: 18692.631 Thread 0x0000000018ae3800 22876       3       org.gradle.api.internal.file.collections.DefaultConfigurableFileCollection::visitDependencies (16 bytes)
Event: 18692.632 Thread 0x0000000018ae3800 nmethod 22876 0x0000000006d97350 code [0x0000000006d97500, 0x0000000006d97a38]

GC Heap History (10 events):
Event: 14688.110 GC heap before
{Heap before GC invocations=91 (full 4):
 PSYoungGen      total 60928K, used 56834K [0x00000000e0000000, 0x00000000e4a80000, 0x0000000100000000)
  eden space 46592K, 99% used [0x00000000e0000000,0x00000000e2d747e0,0x00000000e2d80000)
  from space 14336K, 71% used [0x00000000e3c80000,0x00000000e468c040,0x00000000e4a80000)
  to   space 14848K, 0% used [0x00000000e2d80000,0x00000000e2d80000,0x00000000e3c00000)
 ParOldGen       total 125440K, used 116810K [0x00000000a0000000, 0x00000000a7a80000, 0x00000000e0000000)
  object space 125440K, 93% used [0x00000000a0000000,0x00000000a7212ab0,0x00000000a7a80000)
 Metaspace       used 82773K, capacity 89244K, committed 89600K, reserved 1128448K
  class space    used 10498K, capacity 11419K, committed 11520K, reserved 1048576K
Event: 14688.118 GC heap after
Heap after GC invocations=91 (full 4):
 PSYoungGen      total 52736K, used 6168K [0x00000000e0000000, 0x00000000e4a00000, 0x0000000100000000)
  eden space 46080K, 0% used [0x00000000e0000000,0x00000000e0000000,0x00000000e2d00000)
  from space 6656K, 92% used [0x00000000e2d80000,0x00000000e3386178,0x00000000e3400000)
  to   space 14848K, 0% used [0x00000000e3b80000,0x00000000e3b80000,0x00000000e4a00000)
 ParOldGen       total 125440K, used 121906K [0x00000000a0000000, 0x00000000a7a80000, 0x00000000e0000000)
  object space 125440K, 97% used [0x00000000a0000000,0x00000000a770cb00,0x00000000a7a80000)
 Metaspace       used 82773K, capacity 89244K, committed 89600K, reserved 1128448K
  class space    used 10498K, capacity 11419K, committed 11520K, reserved 1048576K
}
Event: 18691.279 GC heap before
{Heap before GC invocations=92 (full 4):
 PSYoungGen      total 52736K, used 52248K [0x00000000e0000000, 0x00000000e4a00000, 0x0000000100000000)
  eden space 46080K, 100% used [0x00000000e0000000,0x00000000e2d00000,0x00000000e2d00000)
  from space 6656K, 92% used [0x00000000e2d80000,0x00000000e3386178,0x00000000e3400000)
  to   space 14848K, 0% used [0x00000000e3b80000,0x00000000e3b80000,0x00000000e4a00000)
 ParOldGen       total 125440K, used 121906K [0x00000000a0000000, 0x00000000a7a80000, 0x00000000e0000000)
  object space 125440K, 97% used [0x00000000a0000000,0x00000000a770cb00,0x00000000a7a80000)
 Metaspace       used 82834K, capacity 89426K, committed 89600K, reserved 1128448K
  class space    used 10511K, capacity 11432K, committed 11520K, reserved 1048576K
Event: 18691.313 GC heap after
Heap after GC invocations=92 (full 4):
 PSYoungGen      total 59904K, used 2080K [0x00000000e0000000, 0x00000000e4980000, 0x0000000100000000)
  eden space 45568K, 0% used [0x00000000e0000000,0x00000000e0000000,0x00000000e2c80000)
  from space 14336K, 14% used [0x00000000e3b80000,0x00000000e3d88040,0x00000000e4980000)
  to   space 14848K, 0% used [0x00000000e2c80000,0x00000000e2c80000,0x00000000e3b00000)
 ParOldGen       total 125440K, used 122130K [0x00000000a0000000, 0x00000000a7a80000, 0x00000000e0000000)
  object space 125440K, 97% used [0x00000000a0000000,0x00000000a7744b20,0x00000000a7a80000)
 Metaspace       used 82834K, capacity 89426K, committed 89600K, reserved 1128448K
  class space    used 10511K, capacity 11432K, committed 11520K, reserved 1048576K
}
Event: 18691.954 GC heap before
{Heap before GC invocations=93 (full 4):
 PSYoungGen      total 59904K, used 47648K [0x00000000e0000000, 0x00000000e4980000, 0x0000000100000000)
  eden space 45568K, 100% used [0x00000000e0000000,0x00000000e2c80000,0x00000000e2c80000)
  from space 14336K, 14% used [0x00000000e3b80000,0x00000000e3d88040,0x00000000e4980000)
  to   space 14848K, 0% used [0x00000000e2c80000,0x00000000e2c80000,0x00000000e3b00000)
 ParOldGen       total 125440K, used 122130K [0x00000000a0000000, 0x00000000a7a80000, 0x00000000e0000000)
  object space 125440K, 97% used [0x00000000a0000000,0x00000000a7744b20,0x00000000a7a80000)
 Metaspace       used 82839K, capacity 89426K, committed 89600K, reserved 1128448K
  class space    used 10511K, capacity 11432K, committed 11520K, reserved 1048576K
Event: 18691.958 GC heap after
Heap after GC invocations=93 (full 4):
 PSYoungGen      total 59904K, used 2736K [0x00000000e0000000, 0x00000000e4a00000, 0x0000000100000000)
  eden space 45056K, 0% used [0x00000000e0000000,0x00000000e0000000,0x00000000e2c00000)
  from space 14848K, 18% used [0x00000000e2c80000,0x00000000e2f2c030,0x00000000e3b00000)
  to   space 15360K, 0% used [0x00000000e3b00000,0x00000000e3b00000,0x00000000e4a00000)
 ParOldGen       total 125440K, used 122322K [0x00000000a0000000, 0x00000000a7a80000, 0x00000000e0000000)
  object space 125440K, 97% used [0x00000000a0000000,0x00000000a7774b20,0x00000000a7a80000)
 Metaspace       used 82839K, capacity 89426K, committed 89600K, reserved 1128448K
  class space    used 10511K, capacity 11432K, committed 11520K, reserved 1048576K
}
Event: 18691.958 GC heap before
{Heap before GC invocations=94 (full 5):
 PSYoungGen      total 59904K, used 2736K [0x00000000e0000000, 0x00000000e4a00000, 0x0000000100000000)
  eden space 45056K, 0% used [0x00000000e0000000,0x00000000e0000000,0x00000000e2c00000)
  from space 14848K, 18% used [0x00000000e2c80000,0x00000000e2f2c030,0x00000000e3b00000)
  to   space 15360K, 0% used [0x00000000e3b00000,0x00000000e3b00000,0x00000000e4a00000)
 ParOldGen       total 125440K, used 122322K [0x00000000a0000000, 0x00000000a7a80000, 0x00000000e0000000)
  object space 125440K, 97% used [0x00000000a0000000,0x00000000a7774b20,0x00000000a7a80000)
 Metaspace       used 82839K, capacity 89426K, committed 89600K, reserved 1128448K
  class space    used 10511K, capacity 11432K, committed 11520K, reserved 1048576K
Event: 18692.344 GC heap after
Heap after GC invocations=94 (full 5):
 PSYoungGen      total 59904K, used 0K [0x00000000e0000000, 0x00000000e4a00000, 0x0000000100000000)
  eden space 45056K, 0% used [0x00000000e0000000,0x00000000e0000000,0x00000000e2c00000)
  from space 14848K, 0% used [0x00000000e2c80000,0x00000000e2c80000,0x00000000e3b00000)
  to   space 15360K, 0% used [0x00000000e3b00000,0x00000000e3b00000,0x00000000e4a00000)
 ParOldGen       total 111104K, used 42963K [0x00000000a0000000, 0x00000000a6c80000, 0x00000000e0000000)
  object space 111104K, 38% used [0x00000000a0000000,0x00000000a29f4c48,0x00000000a6c80000)
 Metaspace       used 80787K, capacity 85664K, committed 89600K, reserved 1128448K
  class space    used 10083K, capacity 10728K, committed 11520K, reserved 1048576K
}
Event: 18692.484 GC heap before
{Heap before GC invocations=95 (full 5):
 PSYoungGen      total 59904K, used 45056K [0x00000000e0000000, 0x00000000e4a00000, 0x0000000100000000)
  eden space 45056K, 100% used [0x00000000e0000000,0x00000000e2c00000,0x00000000e2c00000)
  from space 14848K, 0% used [0x00000000e2c80000,0x00000000e2c80000,0x00000000e3b00000)
  to   space 15360K, 0% used [0x00000000e3b00000,0x00000000e3b00000,0x00000000e4a00000)
 ParOldGen       total 111104K, used 42963K [0x00000000a0000000, 0x00000000a6c80000, 0x00000000e0000000)
  object space 111104K, 38% used [0x00000000a0000000,0x00000000a29f4c48,0x00000000a6c80000)
 Metaspace       used 80813K, capacity 85700K, committed 89600K, reserved 1128448K
  class space    used 10086K, capacity 10734K, committed 11520K, reserved 1048576K
Event: 18692.488 GC heap after
Heap after GC invocations=95 (full 5):
 PSYoungGen      total 58368K, used 3008K [0x00000000e0000000, 0x00000000e4880000, 0x0000000100000000)
  eden space 44544K, 0% used [0x00000000e0000000,0x00000000e0000000,0x00000000e2b80000)
  from space 13824K, 21% used [0x00000000e3b00000,0x00000000e3df0000,0x00000000e4880000)
  to   space 14848K, 0% used [0x00000000e2b80000,0x00000000e2b80000,0x00000000e3a00000)
 ParOldGen       total 111104K, used 42963K [0x00000000a0000000, 0x00000000a6c80000, 0x00000000e0000000)
  object space 111104K, 38% used [0x00000000a0000000,0x00000000a29f4c48,0x00000000a6c80000)
 Metaspace       used 80813K, capacity 85700K, committed 89600K, reserved 1128448K
  class space    used 10086K, capacity 10734K, committed 11520K, reserved 1048576K
}

Deoptimization events (10 events):
Event: 13933.491 Thread 0x000000001bb11000 Uncommon trap: reason=class_check action=maybe_recompile pc=0x00000000045baa8c method=org.gradle.internal.serialize.AbstractEncoder$EncoderStream.write([BII)V @ 7
Event: 13939.430 Thread 0x000000001bb11000 Uncommon trap: reason=class_check action=maybe_recompile pc=0x00000000045baa8c method=org.gradle.internal.serialize.AbstractEncoder$EncoderStream.write([BII)V @ 7
Event: 14199.915 Thread 0x000000001bb0d800 Uncommon trap: reason=class_check action=maybe_recompile pc=0x00000000045baa8c method=org.gradle.internal.serialize.AbstractEncoder$EncoderStream.write([BII)V @ 7
Event: 14273.938 Thread 0x000000001bb0c000 Uncommon trap: reason=unstable_if action=reinterpret pc=0x0000000005916758 method=java.math.BigInteger.makePositive([B)[I @ 33
Event: 14686.014 Thread 0x000000001bb17000 Uncommon trap: reason=unstable_if action=reinterpret pc=0x0000000004d2cef8 method=java.math.BigInteger.makePositive([B)[I @ 33
Event: 18692.347 Thread 0x000000001bb0c000 Uncommon trap: reason=unstable_if action=reinterpret pc=0x0000000002ff8ce0 method=java.io.ObjectStreamClass.processQueue(Ljava/lang/ref/ReferenceQueue;Ljava/util/concurrent/ConcurrentMap;)V @ 6
Event: 18692.367 Thread 0x000000001bb0c000 Uncommon trap: reason=unstable_if action=reinterpret pc=0x000000000466c864 method=com.google.common.collect.MapMakerInternalMap$Segment.put(Ljava/lang/Object;ILjava/lang/Object;Z)Ljava/lang/Object; @ 92
Event: 18692.400 Thread 0x000000001bb0c000 Uncommon trap: reason=unstable_if action=reinterpret pc=0x000000000350b5f8 method=java.lang.ref.SoftReference.get()Ljava/lang/Object; @ 6
Event: 18692.411 Thread 0x000000001bb0c000 Uncommon trap: reason=unstable_if action=reinterpret pc=0x000000000432f618 method=java.lang.ref.SoftReference.get()Ljava/lang/Object; @ 6
Event: 18692.587 Thread 0x000000001bb0c000 Uncommon trap: reason=bimorphic action=maybe_recompile pc=0x0000000003ea3dc4 method=org.codehaus.groovy.runtime.metaclass.MetaMethodIndex.addMethodToList(Ljava/lang/Object;Lgroovy/lang/MetaMethod;)Ljava/lang/Object; @ 89

Internal exceptions (10 events):
Event: 14382.190 Thread 0x000000001bb0b000 Exception <a 'sun/nio/fs/WindowsException'> (0x00000000e3076eb0) thrown at [C:\src\android\AOSP-openjdk\external\jetbrains\jdk\hotspot\src\share\vm\prims\jni.cpp, line 709]
Event: 14563.786 Thread 0x000000001bb11000 Exception <a 'java/lang/ClassNotFoundException': asLocalRepo1277_9pyfprjgfasc6nn3krwxnyhyxBeanInfo> (0x00000000e017e8f0) thrown at [C:\src\android\AOSP-openjdk\external\jetbrains\jdk\hotspot\src\share\vm\classfile\systemDictionary.cpp, line 210]
Event: 14563.787 Thread 0x000000001bb11000 Exception <a 'java/lang/ClassNotFoundException': asLocalRepo1277_9pyfprjgfasc6nn3krwxnyhyxCustomizer> (0x00000000e018a088) thrown at [C:\src\android\AOSP-openjdk\external\jetbrains\jdk\hotspot\src\share\vm\classfile\systemDictionary.cpp, line 210]
Event: 14569.318 Thread 0x000000001bb11000 Exception <a 'sun/nio/fs/WindowsException'> (0x00000000e28ea058) thrown at [C:\src\android\AOSP-openjdk\external\jetbrains\jdk\hotspot\src\share\vm\prims\jni.cpp, line 709]
Event: 14682.877 Thread 0x000000001bb11000 Exception <a 'java/lang/ClassNotFoundException': asLocalRepo830_2a0m5sdbmeutprcecbtngrpq1BeanInfo> (0x00000000e2cf5500) thrown at [C:\src\android\AOSP-openjdk\external\jetbrains\jdk\hotspot\src\share\vm\classfile\systemDictionary.cpp, line 210]
Event: 14682.878 Thread 0x000000001bb11000 Exception <a 'java/lang/ClassNotFoundException': asLocalRepo830_2a0m5sdbmeutprcecbtngrpq1Customizer> (0x00000000e2d00588) thrown at [C:\src\android\AOSP-openjdk\external\jetbrains\jdk\hotspot\src\share\vm\classfile\systemDictionary.cpp, line 210]
Event: 14688.244 Thread 0x000000001bb11000 Exception <a 'sun/nio/fs/WindowsException'> (0x00000000e0899e08) thrown at [C:\src\android\AOSP-openjdk\external\jetbrains\jdk\hotspot\src\share\vm\prims\jni.cpp, line 709]
Event: 18691.158 Thread 0x000000001bb0c000 Exception <a 'java/lang/ClassNotFoundException': asLocalRepo1419_awyp54au9fdv4yoai4tmukc70BeanInfo> (0x00000000e2934698) thrown at [C:\src\android\AOSP-openjdk\external\jetbrains\jdk\hotspot\src\share\vm\classfile\systemDictionary.cpp, line 210]
Event: 18691.159 Thread 0x000000001bb0c000 Exception <a 'java/lang/ClassNotFoundException': asLocalRepo1419_awyp54au9fdv4yoai4tmukc70Customizer> (0x00000000e293fd78) thrown at [C:\src\android\AOSP-openjdk\external\jetbrains\jdk\hotspot\src\share\vm\classfile\systemDictionary.cpp, line 210]
Event: 18692.411 Thread 0x000000001bb0c000 Implicit null exception at 0x0000000004327758 to 0x000000000432f5f9

Events (10 events):
Event: 18692.587 Thread 0x000000001bb0c000 DEOPT PACKING pc=0x0000000003ea3dc4 sp=0x000000004279b230
Event: 18692.587 Thread 0x000000001bb0c000 DEOPT UNPACKING pc=0x0000000002df556a sp=0x000000004279b1e8 mode 2
Event: 18692.589 loading class groovy/runtime/metaclass/com/android/build/gradle/internal/tasks/DeviceProviderInstrumentTestTask_DecoratedMetaClass
Event: 18692.589 loading class groovy/runtime/metaclass/com/android/build/gradle/internal/tasks/DeviceProviderInstrumentTestTask_DecoratedMetaClass done
Event: 18692.596 loading class groovy/runtime/metaclass/org/codehaus/groovy/runtime/GStringImplMetaClass
Event: 18692.596 loading class groovy/runtime/metaclass/org/codehaus/groovy/runtime/GStringImplMetaClass done
Event: 18692.600 loading class groovy/runtime/metaclass/com/google/gms/googleservices/GoogleServicesTask_DecoratedMetaClass
Event: 18692.601 loading class groovy/runtime/metaclass/com/google/gms/googleservices/GoogleServicesTask_DecoratedMetaClass done
Event: 18692.604 loading class groovy/runtime/metaclass/org/gradle/platform/base/BinaryContainer_ImplMetaClass
Event: 18692.604 loading class groovy/runtime/metaclass/org/gradle/platform/base/BinaryContainer_ImplMetaClass done


Dynamic libraries:
0x00007ff78e3e0000 - 0x00007ff78e411000 	C:\Program Files\Android\Android Studio\jre\bin\java.exe
0x00007ff8ea360000 - 0x00007ff8ea531000 	C:\WINDOWS\SYSTEM32\ntdll.dll
0x00007ff8e7b90000 - 0x00007ff8e7c3c000 	C:\WINDOWS\System32\KERNEL32.DLL
0x00007ff8e74e0000 - 0x00007ff8e76fd000 	C:\WINDOWS\System32\KERNELBASE.dll
0x00007ff8e7ae0000 - 0x00007ff8e7b82000 	C:\WINDOWS\System32\ADVAPI32.dll
0x00007ff8e7d10000 - 0x00007ff8e7dae000 	C:\WINDOWS\System32\msvcrt.dll
0x00007ff8e84f0000 - 0x00007ff8e8549000 	C:\WINDOWS\System32\sechost.dll
0x00007ff8ea230000 - 0x00007ff8ea351000 	C:\WINDOWS\System32\RPCRT4.dll
0x00007ff8e8550000 - 0x00007ff8e86b5000 	C:\WINDOWS\System32\USER32.dll
0x00007ff8e7350000 - 0x00007ff8e736e000 	C:\WINDOWS\System32\win32u.dll
0x00007ff8e82e0000 - 0x00007ff8e8314000 	C:\WINDOWS\System32\GDI32.dll
0x00007ff8e6880000 - 0x00007ff8e6a02000 	C:\WINDOWS\System32\gdi32full.dll
0x00007ff8dc6a0000 - 0x00007ff8dc91a000 	C:\WINDOWS\WinSxS\amd64_microsoft.windows.common-controls_6595b64144ccf1df_6.0.14393.953_none_42151e83c686086b\COMCTL32.dll
0x00007ff8e9e00000 - 0x00007ff8ea0c8000 	C:\WINDOWS\System32\combase.dll
0x00007ff8e73e0000 - 0x00007ff8e74d5000 	C:\WINDOWS\System32\ucrtbase.dll
0x00007ff8e7370000 - 0x00007ff8e73da000 	C:\WINDOWS\System32\bcryptPrimitives.dll
0x00007ff8e84c0000 - 0x00007ff8e84ee000 	C:\WINDOWS\System32\IMM32.DLL
0x00007ff8e5ba0000 - 0x00007ff8e5bd2000 	C:\WINDOWS\SYSTEM32\ntmarta.dll
0x00007ff8e6470000 - 0x00007ff8e649c000 	C:\WINDOWS\SYSTEM32\SspiCli.dll
0x0000000069d20000 - 0x0000000069df2000 	C:\Program Files\Android\Android Studio\jre\jre\bin\msvcr100.dll
0x0000000068590000 - 0x0000000068dcc000 	C:\Program Files\Android\Android Studio\jre\jre\bin\server\jvm.dll
0x00007ff8e9d90000 - 0x00007ff8e9d98000 	C:\WINDOWS\System32\PSAPI.DLL
0x00007ff8e4580000 - 0x00007ff8e45a3000 	C:\WINDOWS\SYSTEM32\WINMM.dll
0x00007ff8da4a0000 - 0x00007ff8da4a9000 	C:\WINDOWS\SYSTEM32\WSOCK32.dll
0x00007ff8e2e00000 - 0x00007ff8e2e0a000 	C:\WINDOWS\SYSTEM32\VERSION.dll
0x00007ff8e7a00000 - 0x00007ff8e7a6a000 	C:\WINDOWS\System32\WS2_32.dll
0x0000000002960000 - 0x000000000298b000 	C:\WINDOWS\SYSTEM32\WINMMBASE.dll
0x00007ff8e6830000 - 0x00007ff8e6872000 	C:\WINDOWS\System32\cfgmgr32.dll
0x00007ff8e1820000 - 0x00007ff8e182f000 	C:\Program Files\Android\Android Studio\jre\jre\bin\verify.dll
0x00007ff8d3040000 - 0x00007ff8d3069000 	C:\Program Files\Android\Android Studio\jre\jre\bin\java.dll
0x00007ff8dd410000 - 0x00007ff8dd426000 	C:\Program Files\Android\Android Studio\jre\jre\bin\zip.dll
0x00007ff8e8860000 - 0x00007ff8e9d68000 	C:\WINDOWS\System32\SHELL32.dll
0x00007ff8e6ac0000 - 0x00007ff8e719a000 	C:\WINDOWS\System32\windows.storage.dll
0x00007ff8e67c0000 - 0x00007ff8e680c000 	C:\WINDOWS\System32\powrprof.dll
0x00007ff8e8800000 - 0x00007ff8e8852000 	C:\WINDOWS\System32\shlwapi.dll
0x00007ff8e67b0000 - 0x00007ff8e67bf000 	C:\WINDOWS\System32\kernel.appcore.dll
0x00007ff8e7240000 - 0x00007ff8e72e9000 	C:\WINDOWS\System32\shcore.dll
0x00007ff8e6810000 - 0x00007ff8e6824000 	C:\WINDOWS\System32\profapi.dll
0x00007ff8d74b0000 - 0x00007ff8d74ca000 	C:\Program Files\Android\Android Studio\jre\jre\bin\net.dll
0x00007ff8e60d0000 - 0x00007ff8e612c000 	C:\WINDOWS\system32\mswsock.dll
0x00007ff8d71b0000 - 0x00007ff8d71c1000 	C:\Program Files\Android\Android Studio\jre\jre\bin\nio.dll
0x00007ff8d6970000 - 0x00007ff8d698e000 	C:\Users\Chris Kearns\.gradle\native\23\windows-amd64\native-platform.dll
0x00007ff8e6280000 - 0x00007ff8e6297000 	C:\WINDOWS\SYSTEM32\CRYPTSP.dll
0x00007ff8e5cd0000 - 0x00007ff8e5d03000 	C:\WINDOWS\system32\rsaenh.dll
0x00007ff8e66e0000 - 0x00007ff8e670b000 	C:\WINDOWS\SYSTEM32\bcrypt.dll
0x00007ff8e5f50000 - 0x00007ff8e5f6f000 	C:\WINDOWS\SYSTEM32\USERENV.dll
0x00007ff8e6270000 - 0x00007ff8e627b000 	C:\WINDOWS\SYSTEM32\CRYPTBASE.dll
0x00007ff8e5e50000 - 0x00007ff8e5e88000 	C:\WINDOWS\SYSTEM32\IPHLPAPI.DLL
0x00007ff8e78d0000 - 0x00007ff8e78d8000 	C:\WINDOWS\System32\NSI.dll
0x00007ff8e08b0000 - 0x00007ff8e08c6000 	C:\WINDOWS\SYSTEM32\dhcpcsvc6.DLL
0x00007ff8e0890000 - 0x00007ff8e08aa000 	C:\WINDOWS\SYSTEM32\dhcpcsvc.DLL
0x00007ff8e1090000 - 0x00007ff8e109d000 	C:\Program Files\Android\Android Studio\jre\jre\bin\management.dll
0x00007ff8cafa0000 - 0x00007ff8cafc4000 	C:\Program Files\Android\Android Studio\jre\jre\bin\sunec.dll
0x00007ff8decb0000 - 0x00007ff8decbb000 	C:\Program Files\Android\Android Studio\jre\jre\bin\sunmscapi.dll
0x00007ff8e7700000 - 0x00007ff8e78c9000 	C:\WINDOWS\System32\CRYPT32.dll
0x00007ff8e67a0000 - 0x00007ff8e67b0000 	C:\WINDOWS\System32\MSASN1.dll
0x00007ff8e5e90000 - 0x00007ff8e5f31000 	C:\WINDOWS\SYSTEM32\DNSAPI.dll
0x000000006ed40000 - 0x000000006ed66000 	C:\Program Files\Bonjour\mdnsNSP.dll
0x00007ff8dfc80000 - 0x00007ff8dfc8a000 	C:\Windows\System32\rasadhlp.dll
0x00007ff8dfcc0000 - 0x00007ff8dfd2a000 	C:\WINDOWS\System32\fwpuclnt.dll
0x00007ff8d6be0000 - 0x00007ff8d6d72000 	C:\WINDOWS\SYSTEM32\dbghelp.dll

VM Arguments:
jvm_args: -Xmx1536m -Dfile.encoding=windows-1252 -Duser.country=US -Duser.language=en -Duser.variant 
java_command: org.gradle.launcher.daemon.bootstrap.GradleDaemon 3.3
java_class_path (initial): C:\Users\Chris Kearns\.gradle\wrapper\dists\gradle-3.3-all\55gk2rcmfc6p2dg9u9ohc3hw9\gradle-3.3\lib\gradle-launcher-3.3.jar
Launcher Type: SUN_STANDARD

Environment Variables:
PATH=C:\Python27\;C:\Python27\Scripts;C:\ProgramData\Oracle\Java\javapath;C:\WINDOWS\system32;C:\WINDOWS;C:\WINDOWS\System32\Wbem;C:\WINDOWS\System32\WindowsPowerShell\v1.0\;C:\WINDOWS\system32\config\systemprofile\.dnx\bin;C:\Program Files\Microsoft DNX\Dnvm\;C:\Program Files\Microsoft SQL Server\120\Tools\Binn\;C:\Program Files (x86)\QuickTime\QTSystem\;C:\Program Files\Microsoft SQL Server\130\Tools\Binn\;C:\Program Files (x86)\ATI Technologies\ATI.ACE\Core-Static;C:\Program Files (x86)\Windows Kits\10\Windows Performance Toolkit\;C:\Program Files (x86)\Java\jdk1.8.0_65\bin;C:\Program Files\nodejs\;C:\Program Files (x86)\Brackets\command;C:\Program Files (x86)\GTK2-Runtime\bin;C:\Program Files (x86)\Skype\Phone\;C:\Program Files (x86)\SSH Communications Security\SSH Secure Shell;C:\Users\Chris Kearns\AppData\Roaming\npm;C:\Program Files (x86)\Microsoft VS Code\bin;C:\Users\Chris Kearns\AppData\Local\atom\bin;C:\Users\Chris Kearns\AppData\Local\Microsoft\WindowsApps;C:\Users\Chris Kearns\AppData\Local\Google\Cloud SDK\google-cloud-sdk\bin;C:\Program Files (x86)\Google\google_appengine\
USERNAME=Chris Kearns
OS=Windows_NT
PROCESSOR_IDENTIFIER=Intel64 Family 6 Model 26 Stepping 5, GenuineIntel



---------------  S Y S T E M  ---------------

OS: Windows 10.0 , 64 bit Build 14393 (10.0.14393.1198)

CPU:total 8 (4 cores per cpu, 2 threads per core) family 6 model 26 stepping 5, cmov, cx8, fxsr, mmx, sse, sse2, sse3, ssse3, sse4.1, sse4.2, popcnt, ht, tsc, tscinvbit, tscinv

Memory: 4k page, physical 12573812k(4028832k free), swap 25156724k(12617068k free)

vm_info: OpenJDK 64-Bit Server VM (25.112-b06) for windows-amd64 JRE (1.8.0_112-release-b06), built on Dec  8 2016 00:54:26 by "builder" with MS VC++ 10.0 (VS2010)

time: Tue Jun 06 14:45:38 2017
elapsed time: 18692 seconds (0d 5h 11m 32s)

